nohup: ignoring input
2020-12-06 01:28:06.340469: I tensorflow_serving/model_servers/server_core.cc:464] Adding/updating models.
2020-12-06 01:28:06.340552: I tensorflow_serving/model_servers/server_core.cc:575]  (Re-)adding model: basemodel
2020-12-06 01:28:06.340566: I tensorflow_serving/model_servers/server_core.cc:575]  (Re-)adding model: ovr0
2020-12-06 01:28:06.340574: I tensorflow_serving/model_servers/server_core.cc:575]  (Re-)adding model: ovr1
2020-12-06 01:28:06.340581: I tensorflow_serving/model_servers/server_core.cc:575]  (Re-)adding model: ovr2
2020-12-06 01:28:06.340587: I tensorflow_serving/model_servers/server_core.cc:575]  (Re-)adding model: ovr3
2020-12-06 01:28:06.340594: I tensorflow_serving/model_servers/server_core.cc:575]  (Re-)adding model: ovr4
2020-12-06 01:28:06.441179: I tensorflow_serving/core/basic_manager.cc:739] Successfully reserved resources to load servable {name: ovr4 version: 1}
2020-12-06 01:28:06.441324: I tensorflow_serving/core/loader_harness.cc:66] Approving load for servable version {name: ovr4 version: 1}
2020-12-06 01:28:06.441358: I tensorflow_serving/core/loader_harness.cc:74] Loading servable version {name: ovr4 version: 1}
2020-12-06 01:28:06.441424: I external/org_tensorflow/tensorflow/cc/saved_model/reader.cc:31] Reading SavedModel from: /home/enyi/Open-Set-Audio-Classification/backend/models/ovr-norm4.model/1
2020-12-06 01:28:06.443134: I external/org_tensorflow/tensorflow/cc/saved_model/reader.cc:54] Reading meta graph with tags { serve }
2020-12-06 01:28:06.443239: I external/org_tensorflow/tensorflow/cc/saved_model/loader.cc:234] Reading SavedModel debug info (if present) from: /home/enyi/Open-Set-Audio-Classification/backend/models/ovr-norm4.model/1
2020-12-06 01:28:06.489923: I external/org_tensorflow/tensorflow/cc/saved_model/loader.cc:199] Restoring SavedModel bundle.
2020-12-06 01:28:06.503578: I external/org_tensorflow/tensorflow/cc/saved_model/loader.cc:183] Running initialization op on SavedModel bundle at path: /home/enyi/Open-Set-Audio-Classification/backend/models/ovr-norm4.model/1
2020-12-06 01:28:06.506310: I external/org_tensorflow/tensorflow/cc/saved_model/loader.cc:303] SavedModel load for tags { serve }; Status: success: OK. Took 64879 microseconds.
2020-12-06 01:28:06.506564: I tensorflow_serving/servables/tensorflow/saved_model_warmup_util.cc:59] No warmup data file found at /home/enyi/Open-Set-Audio-Classification/backend/models/ovr-norm4.model/1/assets.extra/tf_serving_warmup_requests
2020-12-06 01:28:06.506736: I tensorflow_serving/core/loader_harness.cc:87] Successfully loaded servable version {name: ovr4 version: 1}
2020-12-06 01:28:06.541515: I tensorflow_serving/core/basic_manager.cc:739] Successfully reserved resources to load servable {name: ovr2 version: 1}
2020-12-06 01:28:06.541554: I tensorflow_serving/core/loader_harness.cc:66] Approving load for servable version {name: ovr2 version: 1}
2020-12-06 01:28:06.541568: I tensorflow_serving/core/loader_harness.cc:74] Loading servable version {name: ovr2 version: 1}
2020-12-06 01:28:06.541590: I external/org_tensorflow/tensorflow/cc/saved_model/reader.cc:31] Reading SavedModel from: /home/enyi/Open-Set-Audio-Classification/backend/models/ovr-norm2.model/1
2020-12-06 01:28:06.542308: I external/org_tensorflow/tensorflow/cc/saved_model/reader.cc:54] Reading meta graph with tags { serve }
2020-12-06 01:28:06.542333: I external/org_tensorflow/tensorflow/cc/saved_model/loader.cc:234] Reading SavedModel debug info (if present) from: /home/enyi/Open-Set-Audio-Classification/backend/models/ovr-norm2.model/1
2020-12-06 01:28:06.543540: I external/org_tensorflow/tensorflow/cc/saved_model/loader.cc:199] Restoring SavedModel bundle.
2020-12-06 01:28:06.560351: I external/org_tensorflow/tensorflow/cc/saved_model/loader.cc:183] Running initialization op on SavedModel bundle at path: /home/enyi/Open-Set-Audio-Classification/backend/models/ovr-norm2.model/1
2020-12-06 01:28:06.565682: I external/org_tensorflow/tensorflow/cc/saved_model/loader.cc:303] SavedModel load for tags { serve }; Status: success: OK. Took 24084 microseconds.
2020-12-06 01:28:06.566504: I tensorflow_serving/servables/tensorflow/saved_model_warmup_util.cc:59] No warmup data file found at /home/enyi/Open-Set-Audio-Classification/backend/models/ovr-norm2.model/1/assets.extra/tf_serving_warmup_requests
2020-12-06 01:28:06.566925: I tensorflow_serving/core/loader_harness.cc:87] Successfully loaded servable version {name: ovr2 version: 1}
2020-12-06 01:28:06.641458: I tensorflow_serving/core/basic_manager.cc:739] Successfully reserved resources to load servable {name: ovr1 version: 1}
2020-12-06 01:28:06.641557: I tensorflow_serving/core/loader_harness.cc:66] Approving load for servable version {name: ovr1 version: 1}
2020-12-06 01:28:06.641591: I tensorflow_serving/core/loader_harness.cc:74] Loading servable version {name: ovr1 version: 1}
2020-12-06 01:28:06.641643: I external/org_tensorflow/tensorflow/cc/saved_model/reader.cc:31] Reading SavedModel from: /home/enyi/Open-Set-Audio-Classification/backend/models/ovr-norm1.model/1
2020-12-06 01:28:06.643058: I external/org_tensorflow/tensorflow/cc/saved_model/reader.cc:54] Reading meta graph with tags { serve }
2020-12-06 01:28:06.643095: I external/org_tensorflow/tensorflow/cc/saved_model/loader.cc:234] Reading SavedModel debug info (if present) from: /home/enyi/Open-Set-Audio-Classification/backend/models/ovr-norm1.model/1
2020-12-06 01:28:06.645727: I external/org_tensorflow/tensorflow/cc/saved_model/loader.cc:199] Restoring SavedModel bundle.
2020-12-06 01:28:06.666673: I external/org_tensorflow/tensorflow/cc/saved_model/loader.cc:183] Running initialization op on SavedModel bundle at path: /home/enyi/Open-Set-Audio-Classification/backend/models/ovr-norm1.model/1
2020-12-06 01:28:06.669547: I external/org_tensorflow/tensorflow/cc/saved_model/loader.cc:303] SavedModel load for tags { serve }; Status: success: OK. Took 27901 microseconds.
2020-12-06 01:28:06.669965: I tensorflow_serving/servables/tensorflow/saved_model_warmup_util.cc:59] No warmup data file found at /home/enyi/Open-Set-Audio-Classification/backend/models/ovr-norm1.model/1/assets.extra/tf_serving_warmup_requests
2020-12-06 01:28:06.670228: I tensorflow_serving/core/loader_harness.cc:87] Successfully loaded servable version {name: ovr1 version: 1}
2020-12-06 01:28:06.741661: I tensorflow_serving/core/basic_manager.cc:739] Successfully reserved resources to load servable {name: ovr3 version: 1}
2020-12-06 01:28:06.741762: I tensorflow_serving/core/loader_harness.cc:66] Approving load for servable version {name: ovr3 version: 1}
2020-12-06 01:28:06.741797: I tensorflow_serving/core/loader_harness.cc:74] Loading servable version {name: ovr3 version: 1}
2020-12-06 01:28:06.741851: I external/org_tensorflow/tensorflow/cc/saved_model/reader.cc:31] Reading SavedModel from: /home/enyi/Open-Set-Audio-Classification/backend/models/ovr-norm3.model/1
2020-12-06 01:28:06.743425: I external/org_tensorflow/tensorflow/cc/saved_model/reader.cc:54] Reading meta graph with tags { serve }
2020-12-06 01:28:06.743467: I external/org_tensorflow/tensorflow/cc/saved_model/loader.cc:234] Reading SavedModel debug info (if present) from: /home/enyi/Open-Set-Audio-Classification/backend/models/ovr-norm3.model/1
2020-12-06 01:28:06.746602: I external/org_tensorflow/tensorflow/cc/saved_model/loader.cc:199] Restoring SavedModel bundle.
2020-12-06 01:28:06.767735: I external/org_tensorflow/tensorflow/cc/saved_model/loader.cc:183] Running initialization op on SavedModel bundle at path: /home/enyi/Open-Set-Audio-Classification/backend/models/ovr-norm3.model/1
2020-12-06 01:28:06.773479: I external/org_tensorflow/tensorflow/cc/saved_model/loader.cc:303] SavedModel load for tags { serve }; Status: success: OK. Took 31620 microseconds.
2020-12-06 01:28:06.774248: I tensorflow_serving/servables/tensorflow/saved_model_warmup_util.cc:59] No warmup data file found at /home/enyi/Open-Set-Audio-Classification/backend/models/ovr-norm3.model/1/assets.extra/tf_serving_warmup_requests
2020-12-06 01:28:06.774766: I tensorflow_serving/core/loader_harness.cc:87] Successfully loaded servable version {name: ovr3 version: 1}
2020-12-06 01:28:06.841735: I tensorflow_serving/core/basic_manager.cc:739] Successfully reserved resources to load servable {name: ovr0 version: 1}
2020-12-06 01:28:06.841836: I tensorflow_serving/core/loader_harness.cc:66] Approving load for servable version {name: ovr0 version: 1}
2020-12-06 01:28:06.841872: I tensorflow_serving/core/loader_harness.cc:74] Loading servable version {name: ovr0 version: 1}
2020-12-06 01:28:06.841927: I external/org_tensorflow/tensorflow/cc/saved_model/reader.cc:31] Reading SavedModel from: /home/enyi/Open-Set-Audio-Classification/backend/models/ovr-norm0.model/1
2020-12-06 01:28:06.843665: I external/org_tensorflow/tensorflow/cc/saved_model/reader.cc:54] Reading meta graph with tags { serve }
2020-12-06 01:28:06.843755: I external/org_tensorflow/tensorflow/cc/saved_model/loader.cc:234] Reading SavedModel debug info (if present) from: /home/enyi/Open-Set-Audio-Classification/backend/models/ovr-norm0.model/1
2020-12-06 01:28:06.847166: I external/org_tensorflow/tensorflow/cc/saved_model/loader.cc:199] Restoring SavedModel bundle.
2020-12-06 01:28:06.871107: I external/org_tensorflow/tensorflow/cc/saved_model/loader.cc:183] Running initialization op on SavedModel bundle at path: /home/enyi/Open-Set-Audio-Classification/backend/models/ovr-norm0.model/1
2020-12-06 01:28:06.877130: I external/org_tensorflow/tensorflow/cc/saved_model/loader.cc:303] SavedModel load for tags { serve }; Status: success: OK. Took 35098 microseconds.
2020-12-06 01:28:06.877683: I tensorflow_serving/servables/tensorflow/saved_model_warmup_util.cc:59] No warmup data file found at /home/enyi/Open-Set-Audio-Classification/backend/models/ovr-norm0.model/1/assets.extra/tf_serving_warmup_requests
2020-12-06 01:28:06.877965: I tensorflow_serving/core/loader_harness.cc:87] Successfully loaded servable version {name: ovr0 version: 1}
2020-12-06 01:28:06.941865: I tensorflow_serving/core/basic_manager.cc:739] Successfully reserved resources to load servable {name: basemodel version: 1}
2020-12-06 01:28:06.941964: I tensorflow_serving/core/loader_harness.cc:66] Approving load for servable version {name: basemodel version: 1}
2020-12-06 01:28:06.942000: I tensorflow_serving/core/loader_harness.cc:74] Loading servable version {name: basemodel version: 1}
2020-12-06 01:28:06.942048: I external/org_tensorflow/tensorflow/cc/saved_model/reader.cc:31] Reading SavedModel from: /home/enyi/Open-Set-Audio-Classification/backend/models/basemodel-known.model/1
2020-12-06 01:28:07.131576: I external/org_tensorflow/tensorflow/cc/saved_model/reader.cc:54] Reading meta graph with tags { serve }
2020-12-06 01:28:07.131645: I external/org_tensorflow/tensorflow/cc/saved_model/loader.cc:234] Reading SavedModel debug info (if present) from: /home/enyi/Open-Set-Audio-Classification/backend/models/basemodel-known.model/1
2020-12-06 01:28:07.625738: I external/org_tensorflow/tensorflow/cc/saved_model/loader.cc:199] Restoring SavedModel bundle.
2020-12-06 01:28:09.560406: I external/org_tensorflow/tensorflow/cc/saved_model/loader.cc:183] Running initialization op on SavedModel bundle at path: /home/enyi/Open-Set-Audio-Classification/backend/models/basemodel-known.model/1
2020-12-06 01:28:10.162166: I external/org_tensorflow/tensorflow/cc/saved_model/loader.cc:303] SavedModel load for tags { serve }; Status: success: OK. Took 3220111 microseconds.
2020-12-06 01:28:10.266592: I tensorflow_serving/servables/tensorflow/saved_model_warmup_util.cc:59] No warmup data file found at /home/enyi/Open-Set-Audio-Classification/backend/models/basemodel-known.model/1/assets.extra/tf_serving_warmup_requests
2020-12-06 01:28:10.269178: I tensorflow_serving/core/loader_harness.cc:87] Successfully loaded servable version {name: basemodel version: 1}
2020-12-06 01:28:10.271866: I tensorflow_serving/model_servers/server.cc:367] Running gRPC ModelServer at 0.0.0.0:8500 ...
2020-12-06 01:28:10.274020: I tensorflow_serving/model_servers/server.cc:387] Exporting HTTP/REST API at:localhost:8501 ...
[evhttp_server.cc : 238] NET_LOG: Entering the event loop ...
